<?xml version="1.0" encoding="UTF-8"?>
<!-- Generated by org.testng.reporters.JUnitReportReporter -->
<testsuite hostname="LAPTOP-31URDJPT" failures="0" tests="2" name="DemoBlazeTests.TC_002_DemoBlaze_Login_Test" time="45.176" errors="0" timestamp="2023-08-15T08:47:08 EDT" skipped="0">
  <testcase classname="DemoBlazeTests.TC_002_DemoBlaze_Login_Test" name="logInTest" time="22.769"/>
  <system-out/>
  <testcase classname="DemoBlazeTests.TC_002_DemoBlaze_Login_Test" name="logInTest" time="22.407"/>
  <system-out/>
</testsuite> <!-- DemoBlazeTests.TC_002_DemoBlaze_Login_Test -->
