<?xml version="1.0" encoding="UTF-8"?>
<!-- Generated by org.testng.reporters.JUnitReportReporter -->
<testsuite hostname="LAPTOP-31URDJPT" failures="0" tests="2" name="DemoBlazeTests.TC_002_DemoBlaze_Login_Test" time="45.563" errors="0" timestamp="2023-08-15T18:49:55 EDT" skipped="0">
  <testcase classname="DemoBlazeTests.TC_002_DemoBlaze_Login_Test" name="logInTest" time="23.344"/>
  <system-out/>
  <testcase classname="DemoBlazeTests.TC_002_DemoBlaze_Login_Test" name="logInTest" time="22.219"/>
  <system-out/>
</testsuite> <!-- DemoBlazeTests.TC_002_DemoBlaze_Login_Test -->
