<?xml version="1.0" encoding="UTF-8"?>
<!-- Generated by org.testng.reporters.JUnitReportReporter -->
<testsuite hostname="LAPTOP-31URDJPT" failures="0" tests="2" name="DemoBlazeTests.TC_003_DemoBlaze_SignupRandom_Test" time="7.009" errors="0" timestamp="2023-08-15T08:47:08 EDT" skipped="0">
  <testcase classname="DemoBlazeTests.TC_003_DemoBlaze_SignupRandom_Test" name="signUpTest" time="3.374"/>
  <system-out/>
  <testcase classname="DemoBlazeTests.TC_003_DemoBlaze_SignupRandom_Test" name="signUpTest" time="3.635"/>
  <system-out/>
</testsuite> <!-- DemoBlazeTests.TC_003_DemoBlaze_SignupRandom_Test -->
