<?xml version="1.0" encoding="UTF-8"?>
<!-- Generated by org.testng.reporters.JUnitReportReporter -->
<testsuite hostname="LAPTOP-31URDJPT" failures="0" tests="2" name="DemoBlazeTests.TC_004_DemoBlaze_SendMSG_ContactUS" time="30.184" errors="0" timestamp="2023-08-16T23:40:46 EDT" skipped="0">
  <testcase classname="DemoBlazeTests.TC_004_DemoBlaze_SendMSG_ContactUS" name="SendContactMsg" time="15.612"/>
  <system-out/>
  <testcase classname="DemoBlazeTests.TC_004_DemoBlaze_SendMSG_ContactUS" name="SendContactMsg" time="14.572"/>
  <system-out/>
</testsuite> <!-- DemoBlazeTests.TC_004_DemoBlaze_SendMSG_ContactUS -->
