<?xml version="1.0" encoding="UTF-8"?>
<!-- Generated by org.testng.reporters.JUnitReportReporter -->
<testsuite hostname="LAPTOP-31URDJPT" failures="0" tests="1" name="DemoBlazeTests.TC_005_AddToCartTest" time="21.205" errors="0" timestamp="2023-08-17T02:25:08 EDT" skipped="0">
  <testcase classname="DemoBlazeTests.TC_005_AddToCartTest" name="addToCartTest" time="21.205"/>
  <system-out/>
</testsuite> <!-- DemoBlazeTests.TC_005_AddToCartTest -->
