<?xml version="1.0" encoding="UTF-8"?>
<!-- Generated by org.testng.reporters.JUnitReportReporter -->
<testsuite hostname="LAPTOP-31URDJPT" failures="0" tests="2" name="DemoBlazeTests.TC_004_DemoBlaze_SendMSG_ContactUS" time="29.195" errors="0" timestamp="2023-08-20T17:31:11 EDT" skipped="0">
  <testcase classname="DemoBlazeTests.TC_004_DemoBlaze_SendMSG_ContactUS" name="SendContactMsg" time="14.644"/>
  <system-out/>
  <testcase classname="DemoBlazeTests.TC_004_DemoBlaze_SendMSG_ContactUS" name="SendContactMsg" time="14.551"/>
  <system-out/>
</testsuite> <!-- DemoBlazeTests.TC_004_DemoBlaze_SendMSG_ContactUS -->
