<?xml version="1.0" encoding="UTF-8"?>
<!-- Generated by org.testng.reporters.JUnitReportReporter -->
<testsuite hostname="LAPTOP-31URDJPT" failures="0" tests="2" name="DemoBlazeTests.TC_001_DemoBlaze_Signup_Test" time="6.431" errors="0" timestamp="2023-08-20T17:31:11 EDT" skipped="0">
  <testcase classname="DemoBlazeTests.TC_001_DemoBlaze_Signup_Test" name="signUpTest" time="3.246"/>
  <system-out/>
  <testcase classname="DemoBlazeTests.TC_001_DemoBlaze_Signup_Test" name="signUpTest" time="3.185"/>
  <system-out/>
</testsuite> <!-- DemoBlazeTests.TC_001_DemoBlaze_Signup_Test -->
